2017-10-30 19:40:03,364 INFO o.a.j.u.JMeterUtils: Setting Locale to en_US
2017-10-30 19:40:03,380 INFO o.a.j.JMeter: Loading user properties from: /Applications/apache-jmeter-3.2/apache-jmeter-3.2/bin/user.properties
2017-10-30 19:40:03,381 INFO o.a.j.JMeter: Loading system properties from: /Applications/apache-jmeter-3.2/apache-jmeter-3.2/bin/system.properties
2017-10-30 19:40:03,389 INFO o.a.j.JMeter: Copyright (c) 1998-2017 The Apache Software Foundation
2017-10-30 19:40:03,389 INFO o.a.j.JMeter: Version 3.2 r1790748
2017-10-30 19:40:03,390 INFO o.a.j.JMeter: java.version=1.8.0_144
2017-10-30 19:40:03,390 INFO o.a.j.JMeter: java.vm.name=Java HotSpot(TM) 64-Bit Server VM
2017-10-30 19:40:03,390 INFO o.a.j.JMeter: os.name=Mac OS X
2017-10-30 19:40:03,390 INFO o.a.j.JMeter: os.arch=x86_64
2017-10-30 19:40:03,390 INFO o.a.j.JMeter: os.version=10.12.6
2017-10-30 19:40:03,390 INFO o.a.j.JMeter: file.encoding=UTF-8
2017-10-30 19:40:03,390 INFO o.a.j.JMeter: Max memory     =536870912
2017-10-30 19:40:03,390 INFO o.a.j.JMeter: Available Processors =4
2017-10-30 19:40:03,396 INFO o.a.j.JMeter: Default Locale=English (United States)
2017-10-30 19:40:03,396 INFO o.a.j.JMeter: JMeter  Locale=English (United States)
2017-10-30 19:40:03,396 INFO o.a.j.JMeter: JMeterHome=/Applications/apache-jmeter-3.2/apache-jmeter-3.2
2017-10-30 19:40:03,396 INFO o.a.j.JMeter: user.dir  =/Users/erichua/Projects/UnPourTous/react-native-ui
2017-10-30 19:40:03,396 INFO o.a.j.JMeter: PWD       =/Users/erichua/Projects/UnPourTous/react-native-ui
2017-10-30 19:40:03,398 INFO o.a.j.JMeter: IP: 169.254.183.136 Name: erichuas-MacMini.local FullName: erichuas-macmini.local
2017-10-30 19:40:06,648 INFO o.a.j.g.a.LookAndFeelCommand: Using look and feel: com.apple.laf.AquaLookAndFeel [Mac OS X, System]
2017-10-30 19:40:06,673 INFO o.a.j.JMeter: Loaded icon properties from org/apache/jmeter/images/icon.properties
2017-10-30 19:40:07,531 INFO o.a.j.e.u.CompoundVariable: Note: Function class names must contain the string: '.functions.'
2017-10-30 19:40:07,531 INFO o.a.j.e.u.CompoundVariable: Note: Function class names must not contain the string: '.gui.'
2017-10-30 19:40:09,267 INFO o.a.j.g.u.MenuFactory: Skipping org.apache.jmeter.assertions.BSFAssertion
2017-10-30 19:40:09,880 INFO o.a.j.g.u.MenuFactory: Skipping org.apache.jmeter.extractor.BSFPostProcessor
2017-10-30 19:40:09,925 INFO o.a.j.g.u.MenuFactory: Skipping org.apache.jmeter.modifiers.BSFPreProcessor
2017-10-30 19:40:09,960 INFO o.a.j.p.h.s.HTTPSamplerBase: Parser for text/html is org.apache.jmeter.protocol.http.parser.LagartoBasedHtmlParser
2017-10-30 19:40:09,960 INFO o.a.j.p.h.s.HTTPSamplerBase: Parser for application/xhtml+xml is org.apache.jmeter.protocol.http.parser.LagartoBasedHtmlParser
2017-10-30 19:40:09,960 INFO o.a.j.p.h.s.HTTPSamplerBase: Parser for application/xml is org.apache.jmeter.protocol.http.parser.LagartoBasedHtmlParser
2017-10-30 19:40:09,960 INFO o.a.j.p.h.s.HTTPSamplerBase: Parser for text/xml is org.apache.jmeter.protocol.http.parser.LagartoBasedHtmlParser
2017-10-30 19:40:09,960 INFO o.a.j.p.h.s.HTTPSamplerBase: Parser for text/vnd.wap.wml is org.apache.jmeter.protocol.http.parser.RegexpHTMLParser
2017-10-30 19:40:09,960 INFO o.a.j.p.h.s.HTTPSamplerBase: Parser for text/css is org.apache.jmeter.protocol.http.parser.CssParser
2017-10-30 19:40:10,524 INFO o.a.j.e.KeyToolUtils: keytool found at 'keytool'
2017-10-30 19:40:10,525 INFO o.a.j.p.h.p.ProxyControl: HTTP(S) Test Script Recorder SSL Proxy will use keys that support embedded 3rd party resources in file /Applications/apache-jmeter-3.2/apache-jmeter-3.2/bin/proxyserver.jks
2017-10-30 19:40:10,669 INFO o.a.j.g.u.MenuFactory: Skipping org.apache.jmeter.protocol.java.sampler.BSFSampler
2017-10-30 19:40:10,713 INFO o.a.j.s.FileServer: Default base='/Users/erichua/Projects/UnPourTous/react-native-ui'
2017-10-30 19:40:10,826 INFO o.a.j.g.u.MenuFactory: Skipping org.apache.jmeter.protocol.mongodb.config.MongoSourceElement
2017-10-30 19:40:10,826 INFO o.a.j.g.u.MenuFactory: Skipping org.apache.jmeter.protocol.mongodb.sampler.MongoScriptSampler
2017-10-30 19:40:10,986 INFO o.a.j.g.u.MenuFactory: Skipping org.apache.jmeter.timers.BSFTimer
2017-10-30 19:40:11,021 INFO o.a.j.g.u.MenuFactory: Skipping org.apache.jmeter.visualizers.BSFListener
2017-10-30 19:40:11,221 INFO o.a.j.s.SampleResult: Note: Sample TimeStamps are START times
2017-10-30 19:40:11,222 INFO o.a.j.s.SampleResult: sampleresult.default.encoding is set to ISO-8859-1
2017-10-30 19:40:11,222 INFO o.a.j.s.SampleResult: sampleresult.useNanoTime=true
2017-10-30 19:40:11,222 INFO o.a.j.s.SampleResult: sampleresult.nanoThreadSleep=5000
2017-10-30 19:40:58,951 INFO o.a.j.g.a.Load: Loading file: /Applications/apache-jmeter-3.2/apache-jmeter-3.2/backups/WeBank-000086.jmx
2017-10-30 19:40:58,952 INFO o.a.j.s.FileServer: Set new base='/Applications/apache-jmeter-3.2/apache-jmeter-3.2/backups'
2017-10-30 19:40:59,079 INFO o.a.j.s.SaveService: Testplan (JMX) version: 2.2. Testlog (JTL) version: 2.2
2017-10-30 19:40:59,110 INFO o.a.j.s.SaveService: Using SaveService properties file encoding UTF-8
2017-10-30 19:40:59,112 INFO o.a.j.s.SaveService: Using SaveService properties version 3.2
2017-10-30 19:40:59,116 INFO o.a.j.s.SaveService: Loading file: /Applications/apache-jmeter-3.2/apache-jmeter-3.2/backups/WeBank-000086.jmx
2017-10-30 19:40:59,150 INFO o.a.j.p.h.c.CookieManager: Settings: Delete null: true Check: true Allow variable: true Save: false Prefix: COOKIE_
2017-10-30 19:40:59,767 INFO o.a.j.s.FileServer: Set new base='/Applications/apache-jmeter-3.2/apache-jmeter-3.2/backups'
2017-10-30 19:41:06,177 INFO o.a.j.e.StandardJMeterEngine: Running the test!
2017-10-30 19:41:06,179 INFO o.a.j.s.SampleEvent: List of sample_variables: []
2017-10-30 19:41:06,179 INFO o.a.j.s.SampleEvent: List of sample_variables: []
2017-10-30 19:41:06,217 INFO o.a.j.g.u.JMeterMenuBar: setRunning(true, *local*)
2017-10-30 19:41:06,398 INFO o.a.j.e.StandardJMeterEngine: Starting ThreadGroup: 1 : 天鹅 开户 张杰（监控专用测试号）
2017-10-30 19:41:06,398 INFO o.a.j.e.StandardJMeterEngine: Starting 1 threads for group 天鹅 开户 张杰（监控专用测试号）.
2017-10-30 19:41:06,398 INFO o.a.j.e.StandardJMeterEngine: Thread will continue on error
2017-10-30 19:41:06,399 INFO o.a.j.t.ThreadGroup: Starting thread group... number=1 threads=1 ramp-up=1 perThread=1000.0 delayedStart=false
2017-10-30 19:41:06,409 INFO o.a.j.t.ThreadGroup: Started thread group number 1
2017-10-30 19:41:06,409 INFO o.a.j.e.StandardJMeterEngine: Starting ThreadGroup: 2 : 意见反馈联调
2017-10-30 19:41:06,409 INFO o.a.j.e.StandardJMeterEngine: Starting 1 threads for group 意见反馈联调.
2017-10-30 19:41:06,410 INFO o.a.j.e.StandardJMeterEngine: Thread will continue on error
2017-10-30 19:41:06,410 INFO o.a.j.t.ThreadGroup: Starting thread group... number=2 threads=1 ramp-up=1 perThread=1000.0 delayedStart=false
2017-10-30 19:41:06,411 INFO o.a.j.t.ThreadGroup: Started thread group number 2
2017-10-30 19:41:06,412 INFO o.a.j.e.StandardJMeterEngine: Starting ThreadGroup: 3 : Thread Group
2017-10-30 19:41:06,412 INFO o.a.j.e.StandardJMeterEngine: Starting 1 threads for group Thread Group.
2017-10-30 19:41:06,413 INFO o.a.j.e.StandardJMeterEngine: Thread will continue on error
2017-10-30 19:41:06,413 INFO o.a.j.t.ThreadGroup: Starting thread group... number=3 threads=1 ramp-up=1 perThread=1000.0 delayedStart=false
2017-10-30 19:41:06,414 INFO o.a.j.t.ThreadGroup: Started thread group number 3
2017-10-30 19:41:06,414 INFO o.a.j.e.StandardJMeterEngine: All thread groups have been started
2017-10-30 19:41:06,414 INFO o.a.j.t.JMeterThread: Thread started: Thread Group 3-1
2017-10-30 19:41:06,448 INFO o.a.j.t.JMeterThread: Thread is done: Thread Group 3-1
2017-10-30 19:41:06,448 INFO o.a.j.t.JMeterThread: Thread finished: Thread Group 3-1
2017-10-30 19:41:06,451 INFO o.a.j.t.JMeterThread: Thread started: 天鹅 开户 张杰（监控专用测试号） 1-1
2017-10-30 19:41:06,451 INFO o.a.j.t.JMeterThread: Thread started: 意见反馈联调 2-1
2017-10-30 19:41:06,465 INFO o.a.j.p.h.s.HTTPJavaImpl: Maximum connection retries = 0
2017-10-30 19:41:06,467 INFO o.a.j.u.JsseSSLManager: Using default SSL protocol: TLS
2017-10-30 19:41:06,467 INFO o.a.j.u.JsseSSLManager: SSL session context: per-thread
2017-10-30 19:41:06,873 INFO o.a.j.u.SSLManager: JmeterKeyStore Location:  type JKS
2017-10-30 19:41:06,874 INFO o.a.j.u.SSLManager: KeyStore created OK
2017-10-30 19:41:06,874 WARN o.a.j.u.SSLManager: Keystore file not found, loading empty keystore
2017-10-30 19:41:06,984 INFO o.a.j.t.JMeterThread: Thread is done: 意见反馈联调 2-1
2017-10-30 19:41:06,984 INFO o.a.j.t.JMeterThread: Thread finished: 意见反馈联调 2-1
2017-10-30 19:41:06,986 INFO o.a.j.t.JMeterThread: Thread is done: 天鹅 开户 张杰（监控专用测试号） 1-1
2017-10-30 19:41:06,991 INFO o.a.j.t.JMeterThread: Thread finished: 天鹅 开户 张杰（监控专用测试号） 1-1
2017-10-30 19:41:06,991 INFO o.a.j.e.StandardJMeterEngine: Notifying test listeners of end of test
2017-10-30 19:41:06,991 INFO o.a.j.g.u.JMeterMenuBar: setRunning(false, *local*)
2017-10-30 19:42:22,649 INFO o.a.j.e.StandardJMeterEngine: Running the test!
2017-10-30 19:42:22,653 INFO o.a.j.s.SampleEvent: List of sample_variables: []
2017-10-30 19:42:22,660 INFO o.a.j.g.u.JMeterMenuBar: setRunning(true, *local*)
2017-10-30 19:42:22,817 INFO o.a.j.e.StandardJMeterEngine: Starting ThreadGroup: 1 : 天鹅 开户 张杰（监控专用测试号）
2017-10-30 19:42:22,817 INFO o.a.j.e.StandardJMeterEngine: Starting 1 threads for group 天鹅 开户 张杰（监控专用测试号）.
2017-10-30 19:42:22,817 INFO o.a.j.e.StandardJMeterEngine: Thread will continue on error
2017-10-30 19:42:22,817 INFO o.a.j.t.ThreadGroup: Starting thread group... number=1 threads=1 ramp-up=1 perThread=1000.0 delayedStart=false
2017-10-30 19:42:22,819 INFO o.a.j.t.ThreadGroup: Started thread group number 1
2017-10-30 19:42:22,819 INFO o.a.j.e.StandardJMeterEngine: Starting ThreadGroup: 2 : 意见反馈联调
2017-10-30 19:42:22,819 INFO o.a.j.e.StandardJMeterEngine: Starting 1 threads for group 意见反馈联调.
2017-10-30 19:42:22,819 INFO o.a.j.e.StandardJMeterEngine: Thread will continue on error
2017-10-30 19:42:22,819 INFO o.a.j.t.ThreadGroup: Starting thread group... number=2 threads=1 ramp-up=1 perThread=1000.0 delayedStart=false
2017-10-30 19:42:22,820 INFO o.a.j.t.JMeterThread: Thread started: 天鹅 开户 张杰（监控专用测试号） 1-1
2017-10-30 19:42:22,822 INFO o.a.j.t.ThreadGroup: Started thread group number 2
2017-10-30 19:42:22,822 INFO o.a.j.e.StandardJMeterEngine: Starting ThreadGroup: 3 : Thread Group
2017-10-30 19:42:22,822 INFO o.a.j.e.StandardJMeterEngine: Starting 1 threads for group Thread Group.
2017-10-30 19:42:22,822 INFO o.a.j.e.StandardJMeterEngine: Thread will continue on error
2017-10-30 19:42:22,822 INFO o.a.j.t.ThreadGroup: Starting thread group... number=3 threads=1 ramp-up=1 perThread=1000.0 delayedStart=false
2017-10-30 19:42:22,822 INFO o.a.j.t.JMeterThread: Thread started: 意见反馈联调 2-1
2017-10-30 19:42:22,830 INFO o.a.j.t.ThreadGroup: Started thread group number 3
2017-10-30 19:42:22,831 INFO o.a.j.e.StandardJMeterEngine: All thread groups have been started
2017-10-30 19:42:22,831 INFO o.a.j.t.JMeterThread: Thread started: Thread Group 3-1
2017-10-30 19:42:22,832 INFO o.a.j.t.JMeterThread: Thread is done: Thread Group 3-1
2017-10-30 19:42:22,832 INFO o.a.j.t.JMeterThread: Thread finished: Thread Group 3-1
2017-10-30 19:42:22,866 INFO o.a.j.t.JMeterThread: Thread is done: 天鹅 开户 张杰（监控专用测试号） 1-1
2017-10-30 19:42:22,867 INFO o.a.j.t.JMeterThread: Thread finished: 天鹅 开户 张杰（监控专用测试号） 1-1
2017-10-30 19:42:22,867 INFO o.a.j.t.JMeterThread: Thread is done: 意见反馈联调 2-1
2017-10-30 19:42:22,868 INFO o.a.j.t.JMeterThread: Thread finished: 意见反馈联调 2-1
2017-10-30 19:42:22,868 INFO o.a.j.e.StandardJMeterEngine: Notifying test listeners of end of test
2017-10-30 19:42:22,868 INFO o.a.j.g.u.JMeterMenuBar: setRunning(false, *local*)
